REPOSITORY                     TAG                  IMAGE ID       CREATED         SIZE
23f03013e37f/ubuntu-tmp-file   latest               d66a994dec13   5 minutes ago   63.2MB
archlinux                      latest               abc56b88e36b   2 months ago    428MB
ubuntu                         18.04                f9a80a55f492   2 months ago    63.2MB
hello-world                    latest               9c7a54a9a43c   3 months ago    13.3kB
bitnami/postgresql             latest               c63c6400c8a0   21 months ago   261MB
dpage/pgadmin4                 latest               3cc328b63fa4   21 months ago   259MB
express42/otus-homeworks       0.7.1                5b1974537ec5   3 years ago     1.02GB
ubuntu                         18.10                9dc19675e327   4 years ago     67.3MB
crunchydata/crunchy-postgres   centos7-10.9-2.4.1   6e5dd67a455c   4 years ago     485MB
crunchydata/crunchy-pgadmin4   centos7-10.9-2.4.1   dc7630f474e6   4 years ago     684MB

Контейнер - это исполняющийся экземпляр образа. Образ (Docker image) - это статический шаблон, который содержит все необходимое для запуска приложения (код, зависимости, настройки). Контейнер создается на основе образа и представляет собой изолированную среду, в которой приложение может работать независимо от окружения хост-системы.

Образ (Docker image):

Это статический шаблон или снимок состояния приложения и его окружения.
Содержит все необходимое для запуска приложения: код, зависимости, библиотеки, конфигурации и другие компоненты.
Образ создается из Dockerfile, который описывает все шаги сборки приложения.
Образы являются неизменяемыми и не могут изменяться во время выполнения.

Контейнер:

Это исполняющийся экземпляр образа.
Создается на основе образа и представляет собой изолированную среду, в которой приложение работает.
Контейнеры динамичны и могут быть запущены, остановлены, перемещены и удалены.
Изолированность контейнера обеспечивает, что приложение работает независимо от окружения хост-системы.

При установке bundle install в /reddit, есть проблема с версией, бул установлен в Dockerfile "RUN gem install bundler -v 2.3.26", это позволило собраться успешно образу
___
Your RubyGems version (2.7.6) has a bug that prevents `required_ruby_version` from working for Bundler. Any scripts that use `gem install bundler` will break as soon as Bundler drops support for your Ruby version. Please upgrade RubyGems to avoid future breakage and silence this warning by running `gem update --system 3.2.3`
Don't run Bundler as root. Bundler can ask for sudo if it is needed, and
installing your bundle as root will break this application for all non-root
___
NAME          ACTIVE   DRIVER    STATE     URL                          SWARM   DOCKER    ERRORS
docker-host   *        generic   Running   tcp://158.160.104.118:2376           v24.0.2   
CONTAINER ID   IMAGE           COMMAND       CREATED          STATUS          PORTS     NAMES
d7d181129d3d   reddit:latest   "/start.sh"   54 seconds ago   Up 52 seconds             reddit
NAME          ACTIVE   DRIVER    STATE     URL                          SWARM   DOCKER    ERRORS
docker-host   *        generic   Running   tcp://158.160.104.118:2376           v24.0.2   
<!DOCTYPE html>
<html lang='en'>
<head>
<meta charset='utf-8'>
<meta content='IE=Edge,chrome=1' http-equiv='X-UA-Compatible'>
<meta content='width=device-width, initial-scale=1.0' name='viewport'>
<title>Monolith Reddit :: All posts</title>
<link crossorigin='anonymous' href='https://maxcdn.bootstrapcdn.com/bootstrap/3.3.6/css/bootstrap.min.css' integrity='sha384-1q8mTJOASx8j1Au+a5WDVnPi2lkFfwwEAa8hDDdjZlpLegxhjVME1fgjWPGmkzs7' rel='stylesheet' type='text/css'>
<link crossorigin='anonymous' href='https://maxcdn.bootstrapcdn.com/bootstrap/3.3.6/css/bootstrap-theme.min.css' integrity='sha384-fLW2N01lMqjakBkx3l/M9EahuwpSfeNvV63J5ezn3uZzapT0u7EYsXMjQV+0En5r' rel='stylesheet' type='text/css'>
<script crossorigin='anonymous' href='https://maxcdn.bootstrapcdn.com/bootstrap/3.3.6/js/bootstrap.min.js' integrity='sha384-0mSbJDEHialfmuBBQP6A4Qrprq5OVfW37PRR3j5ELqxss1yVqOtnepnHVP9aJ7xS'></script>
<script src='https://ajax.googleapis.com/ajax/libs/jquery/1.12.4/jquery.min.js'></script>
</head>
<body>
<div class='navbar navbar-default navbar-static-top'>
<div class='container'>
<div class='navbar-header'>
<button class='navbar-toggle' data-target='.navbar-responsive-collapse' data-toggle='collapse' type='button'>
<span class='icon-bar'></span>
<span class='icon-bar'></span>
<span class='icon-bar'></span>
</button>
<a class='navbar-brand' href='/'>Monolith Reddit</a>
</div>
<div class='navbar-collapse collapse'>
<ul class='nav navbar-nav navbar-right'>
<li>
<a href='/signup'>Sign up</a>
</li>
<li>
<a href='/login'>Login</a>
</li>
</ul>
</div>
</div>
</div>
<div class='container'>
<div class='row'>
<div class='col-lg-9'>

</div>
<div class='col-lg-3'>
<div class='well sidebar-nav'>
<h3>Menu</h3>
<ul class='nav nav-list'>
<li>
<a href='/'>All posts</a>
</li>
<li>
<a href='/new'>New post</a>
</li>
</ul>
</div>
</div>
</div>
</div>
</body>
</html>


Загрузка самого докера в github.com 
https://hub.docker.com/repository/docker/23f03013e37f/otus-reddit/general

[/bin/sh -c #(nop)  CMD ["/start.sh"]]
